2026-04-10 13:04:22 | Args: {'train_csv': '/projectnb/medaihack/ABPET/data/train.csv', 'val_csv': '/projectnb/medaihack/ABPET/data/val.csv', 'epochs': 50, 'batch_size': 8, 'lr': 3e-05, 'num_workers': 4, 'checkpoint_dir': 'checkpoints', 'cache': False, 'loss': 'mae', 'patience': 10, 'log_dir': 'logs', 'results_dir': 'results'}
2026-04-10 13:04:22 | Device: cuda
2026-04-10 13:04:23 | Model parameters: 1,197,601
2026-04-10 13:04:34 | Epoch   1/50 | Loss: 31.3979 | MAE: 32.00 CL | r: 0.2287 | LR: 3.00e-05 | 7.9s *
2026-04-10 13:04:40 | Epoch   2/50 | Loss: 30.6000 | MAE: 31.38 CL | r: 0.2822 | LR: 3.00e-05 | 5.9s *
2026-04-10 13:04:46 | Epoch   3/50 | Loss: 29.9229 | MAE: 30.32 CL | r: 0.3047 | LR: 3.00e-05 | 5.9s *
2026-04-10 13:04:51 | Epoch   4/50 | Loss: 29.3746 | MAE: 30.61 CL | r: 0.3255 | LR: 3.00e-05 | 5.9s
2026-04-10 13:04:57 | Epoch   5/50 | Loss: 29.1653 | MAE: 29.82 CL | r: 0.3131 | LR: 3.00e-05 | 5.9s *
2026-04-10 13:05:03 | Epoch   6/50 | Loss: 28.7467 | MAE: 29.32 CL | r: 0.3600 | LR: 3.00e-05 | 5.9s *
2026-04-10 13:05:09 | Epoch   7/50 | Loss: 28.6046 | MAE: 30.52 CL | r: 0.3801 | LR: 3.00e-05 | 5.9s
2026-04-10 13:05:15 | Epoch   8/50 | Loss: 28.4796 | MAE: 29.35 CL | r: 0.3821 | LR: 3.00e-05 | 5.9s
2026-04-10 13:05:21 | Epoch   9/50 | Loss: 28.2792 | MAE: 29.45 CL | r: 0.4058 | LR: 3.00e-05 | 6.0s
2026-04-10 13:05:27 | Epoch  10/50 | Loss: 28.2037 | MAE: 29.13 CL | r: 0.3729 | LR: 3.00e-05 | 6.0s *
2026-04-10 13:05:33 | Epoch  11/50 | Loss: 28.0574 | MAE: 28.77 CL | r: 0.4682 | LR: 3.00e-05 | 6.0s *
2026-04-10 13:05:39 | Epoch  12/50 | Loss: 27.8591 | MAE: 28.71 CL | r: 0.4719 | LR: 3.00e-05 | 6.1s *
2026-04-10 13:05:45 | Epoch  13/50 | Loss: 27.7582 | MAE: 30.14 CL | r: 0.4577 | LR: 3.00e-05 | 6.1s
2026-04-10 13:05:51 | Epoch  14/50 | Loss: 27.5918 | MAE: 29.24 CL | r: 0.4856 | LR: 3.00e-05 | 6.1s
2026-04-10 13:05:58 | Epoch  15/50 | Loss: 27.5370 | MAE: 29.64 CL | r: 0.5046 | LR: 3.00e-05 | 6.1s
2026-04-10 13:06:04 | Epoch  16/50 | Loss: 27.2085 | MAE: 28.29 CL | r: 0.5316 | LR: 3.00e-05 | 6.0s *
2026-04-10 13:06:10 | Epoch  17/50 | Loss: 27.2882 | MAE: 28.25 CL | r: 0.5380 | LR: 3.00e-05 | 6.0s *
2026-04-10 13:06:16 | Epoch  18/50 | Loss: 26.9363 | MAE: 27.65 CL | r: 0.5518 | LR: 3.00e-05 | 6.1s *
2026-04-10 13:06:22 | Epoch  19/50 | Loss: 26.6070 | MAE: 27.78 CL | r: 0.6153 | LR: 3.00e-05 | 6.1s
2026-04-10 13:06:28 | Epoch  20/50 | Loss: 26.5777 | MAE: 27.44 CL | r: 0.5603 | LR: 3.00e-05 | 6.1s *
2026-04-10 13:06:34 | Epoch  21/50 | Loss: 26.5233 | MAE: 27.45 CL | r: 0.6137 | LR: 3.00e-05 | 6.1s
2026-04-10 13:06:40 | Epoch  22/50 | Loss: 26.4052 | MAE: 27.39 CL | r: 0.6330 | LR: 3.00e-05 | 6.1s *
2026-04-10 13:06:46 | Epoch  23/50 | Loss: 26.2263 | MAE: 29.20 CL | r: 0.5582 | LR: 3.00e-05 | 6.1s
2026-04-10 13:06:52 | Epoch  24/50 | Loss: 25.8451 | MAE: 27.05 CL | r: 0.6489 | LR: 3.00e-05 | 6.0s *
2026-04-10 13:06:58 | Epoch  25/50 | Loss: 25.7875 | MAE: 26.66 CL | r: 0.6010 | LR: 3.00e-05 | 6.0s *
2026-04-10 13:07:04 | Epoch  26/50 | Loss: 25.7345 | MAE: 26.74 CL | r: 0.6546 | LR: 3.00e-05 | 6.0s
2026-04-10 13:07:10 | Epoch  27/50 | Loss: 25.4099 | MAE: 25.74 CL | r: 0.6763 | LR: 3.00e-05 | 6.1s *
2026-04-10 13:07:16 | Epoch  28/50 | Loss: 25.2447 | MAE: 26.56 CL | r: 0.6285 | LR: 3.00e-05 | 6.1s
2026-04-10 13:07:23 | Epoch  29/50 | Loss: 25.1839 | MAE: 26.99 CL | r: 0.6682 | LR: 3.00e-05 | 6.1s
2026-04-10 13:07:29 | Epoch  30/50 | Loss: 24.8963 | MAE: 26.54 CL | r: 0.6451 | LR: 3.00e-05 | 6.1s
2026-04-10 13:07:35 | Epoch  31/50 | Loss: 24.4176 | MAE: 25.55 CL | r: 0.6851 | LR: 3.00e-05 | 6.1s *
2026-04-10 13:07:41 | Epoch  32/50 | Loss: 24.3490 | MAE: 24.83 CL | r: 0.7102 | LR: 3.00e-05 | 6.0s *
2026-04-10 13:07:47 | Epoch  33/50 | Loss: 24.3418 | MAE: 26.22 CL | r: 0.6960 | LR: 3.00e-05 | 6.1s
2026-04-10 13:07:53 | Epoch  34/50 | Loss: 23.8740 | MAE: 25.93 CL | r: 0.7123 | LR: 3.00e-05 | 6.1s
2026-04-10 13:07:59 | Epoch  35/50 | Loss: 23.6498 | MAE: 25.31 CL | r: 0.7229 | LR: 3.00e-05 | 6.1s
2026-04-10 13:08:05 | Epoch  36/50 | Loss: 23.5943 | MAE: 24.21 CL | r: 0.7103 | LR: 3.00e-05 | 6.0s *
2026-04-10 13:08:11 | Epoch  37/50 | Loss: 22.9806 | MAE: 26.03 CL | r: 0.7250 | LR: 3.00e-05 | 6.1s
2026-04-10 13:08:17 | Epoch  38/50 | Loss: 23.3364 | MAE: 31.55 CL | r: 0.7244 | LR: 3.00e-05 | 6.1s
2026-04-10 13:08:23 | Epoch  39/50 | Loss: 22.6532 | MAE: 23.18 CL | r: 0.7363 | LR: 3.00e-05 | 6.0s *
2026-04-10 13:08:29 | Epoch  40/50 | Loss: 22.3541 | MAE: 22.89 CL | r: 0.7623 | LR: 3.00e-05 | 6.1s *
2026-04-10 13:08:35 | Epoch  41/50 | Loss: 22.4383 | MAE: 23.16 CL | r: 0.7569 | LR: 3.00e-05 | 6.1s
2026-04-10 13:08:41 | Epoch  42/50 | Loss: 22.1054 | MAE: 30.51 CL | r: 0.7247 | LR: 3.00e-05 | 6.0s
2026-04-10 13:08:47 | Epoch  43/50 | Loss: 22.0739 | MAE: 21.73 CL | r: 0.7627 | LR: 3.00e-05 | 6.1s *
2026-04-10 13:08:53 | Epoch  44/50 | Loss: 21.7438 | MAE: 25.68 CL | r: 0.7047 | LR: 3.00e-05 | 6.1s
2026-04-10 13:09:00 | Epoch  45/50 | Loss: 21.1602 | MAE: 31.47 CL | r: 0.7123 | LR: 3.00e-05 | 6.1s
2026-04-10 13:09:06 | Epoch  46/50 | Loss: 20.9885 | MAE: 20.20 CL | r: 0.7882 | LR: 3.00e-05 | 6.1s *
2026-04-10 13:09:12 | Epoch  47/50 | Loss: 20.9154 | MAE: 25.75 CL | r: 0.7284 | LR: 3.00e-05 | 6.1s
2026-04-10 13:09:18 | Epoch  48/50 | Loss: 20.3679 | MAE: 23.30 CL | r: 0.7346 | LR: 3.00e-05 | 6.0s
2026-04-10 13:09:24 | Epoch  49/50 | Loss: 20.5828 | MAE: 22.66 CL | r: 0.7793 | LR: 3.00e-05 | 6.0s
2026-04-10 13:09:30 | Epoch  50/50 | Loss: 20.0797 | MAE: 19.77 CL | r: 0.7901 | LR: 3.00e-05 | 6.1s *
2026-04-10 13:09:30 | Best validation MAE: 19.77 centiloid units
2026-04-10 13:09:30 | Model saved to checkpoints/best_model.pt
2026-04-10 13:09:30 | Metrics: results/metrics_20260410_130422.csv
2026-04-10 13:09:30 | Val report: results/val_report_20260410_130422.csv
2026-04-10 13:09:30 | Plots: results/curves_20260410_130422.png
